{"name": "test_android", "status": "failed", "statusDetails": {"message": "AssertionError: assert 2 == 3\n  +2\n  -3", "trace": "@pytest.mark.androidtest\n    def test_android():\n        # print('这是安卓的测试用例')\n>       assert 2==3\nE       assert 2 == 3\nE         +2\nE         -3\n\ntest_mark.py:24: AssertionError"}, "start": 1596104133429, "stop": 1596104133429, "uuid": "72eec7f0-7115-4ff3-9097-4da3c1b25ec1", "historyId": "c6548807da454a2d583c23db393bc2b4", "testCaseId": "dd0b9d8fe38fe18737c33e7ab770682a", "fullName": "test_mark#test_android", "labels": [{"name": "tag", "value": "androidtest"}, {"name": "suite", "value": "test_mark"}, {"name": "host", "value": "user-PC"}, {"name": "thread", "value": "15028-MainThread"}, {"name": "framework", "value": "pytest"}, {"name": "language", "value": "cpython3"}, {"name": "package", "value": "test_mark"}]}